SLURM job ID: 59444177
GPUs allocated: 0
Sun Nov 24 22:43:50 2024       
+-----------------------------------------------------------------------------------------+
| NVIDIA-SMI 555.42.02              Driver Version: 555.42.02      CUDA Version: 12.5     |
|-----------------------------------------+------------------------+----------------------+
| GPU  Name                 Persistence-M | Bus-Id          Disp.A | Volatile Uncorr. ECC |
| Fan  Temp   Perf          Pwr:Usage/Cap |           Memory-Usage | GPU-Util  Compute M. |
|                                         |                        |               MIG M. |
|=========================================+========================+======================|
|   0  NVIDIA A100-SXM4-80GB          On  |   00000000:E3:00.0 Off |                    0 |
| N/A   24C    P0             64W /  500W |       1MiB /  81920MiB |      0%      Default |
|                                         |                        |             Disabled |
+-----------------------------------------+------------------------+----------------------+
                                                                                         
+-----------------------------------------------------------------------------------------+
| Processes:                                                                              |
|  GPU   GI   CI        PID   Type   Process name                              GPU Memory |
|        ID   ID                                                               Usage      |
|=========================================================================================|
|  No running processes found                                                             |
+-----------------------------------------------------------------------------------------+
CUDA available: True
CUDA devices: 1
t_embedder.mlp.0.A
t_embedder.mlp.0.B
t_embedder.mlp.2.A
t_embedder.mlp.2.B
blocks.0.attn.qkv.A
blocks.0.attn.qkv.B
blocks.0.attn.proj.A
blocks.0.attn.proj.B
blocks.0.mlp.fc1.A
blocks.0.mlp.fc1.B
blocks.0.mlp.fc2.A
blocks.0.mlp.fc2.B
blocks.1.attn.qkv.A
blocks.1.attn.qkv.B
blocks.1.attn.proj.A
blocks.1.attn.proj.B
blocks.1.mlp.fc1.A
blocks.1.mlp.fc1.B
blocks.1.mlp.fc2.A
blocks.1.mlp.fc2.B
blocks.2.attn.qkv.A
blocks.2.attn.qkv.B
blocks.2.attn.proj.A
blocks.2.attn.proj.B
blocks.2.mlp.fc1.A
blocks.2.mlp.fc1.B
blocks.2.mlp.fc2.A
blocks.2.mlp.fc2.B
blocks.3.attn.qkv.A
blocks.3.attn.qkv.B
blocks.3.attn.proj.A
blocks.3.attn.proj.B
blocks.3.mlp.fc1.A
blocks.3.mlp.fc1.B
blocks.3.mlp.fc2.A
blocks.3.mlp.fc2.B
blocks.4.attn.qkv.A
blocks.4.attn.qkv.B
blocks.4.attn.proj.A
blocks.4.attn.proj.B
blocks.4.mlp.fc1.A
blocks.4.mlp.fc1.B
blocks.4.mlp.fc2.A
blocks.4.mlp.fc2.B
blocks.5.attn.qkv.A
blocks.5.attn.qkv.B
blocks.5.attn.proj.A
blocks.5.attn.proj.B
blocks.5.mlp.fc1.A
blocks.5.mlp.fc1.B
blocks.5.mlp.fc2.A
blocks.5.mlp.fc2.B
blocks.6.attn.qkv.A
blocks.6.attn.qkv.B
blocks.6.attn.proj.A
blocks.6.attn.proj.B
blocks.6.mlp.fc1.A
blocks.6.mlp.fc1.B
blocks.6.mlp.fc2.A
blocks.6.mlp.fc2.B
blocks.7.attn.qkv.A
blocks.7.attn.qkv.B
blocks.7.attn.proj.A
blocks.7.attn.proj.B
blocks.7.mlp.fc1.A
blocks.7.mlp.fc1.B
blocks.7.mlp.fc2.A
blocks.7.mlp.fc2.B
blocks.8.attn.qkv.A
blocks.8.attn.qkv.B
blocks.8.attn.proj.A
blocks.8.attn.proj.B
blocks.8.mlp.fc1.A
blocks.8.mlp.fc1.B
blocks.8.mlp.fc2.A
blocks.8.mlp.fc2.B
blocks.9.attn.qkv.A
blocks.9.attn.qkv.B
blocks.9.attn.proj.A
blocks.9.attn.proj.B
blocks.9.mlp.fc1.A
blocks.9.mlp.fc1.B
blocks.9.mlp.fc2.A
blocks.9.mlp.fc2.B
blocks.10.attn.qkv.A
blocks.10.attn.qkv.B
blocks.10.attn.proj.A
blocks.10.attn.proj.B
blocks.10.mlp.fc1.A
blocks.10.mlp.fc1.B
blocks.10.mlp.fc2.A
blocks.10.mlp.fc2.B
blocks.11.attn.qkv.A
blocks.11.attn.qkv.B
blocks.11.attn.proj.A
blocks.11.attn.proj.B
blocks.11.mlp.fc1.A
blocks.11.mlp.fc1.B
blocks.11.mlp.fc2.A
blocks.11.mlp.fc2.B
blocks.12.attn.qkv.A
blocks.12.attn.qkv.B
blocks.12.attn.proj.A
blocks.12.attn.proj.B
blocks.12.mlp.fc1.A
blocks.12.mlp.fc1.B
blocks.12.mlp.fc2.A
blocks.12.mlp.fc2.B
blocks.13.attn.qkv.A
blocks.13.attn.qkv.B
blocks.13.attn.proj.A
blocks.13.attn.proj.B
blocks.13.mlp.fc1.A
blocks.13.mlp.fc1.B
blocks.13.mlp.fc2.A
blocks.13.mlp.fc2.B
blocks.14.attn.qkv.A
blocks.14.attn.qkv.B
blocks.14.attn.proj.A
blocks.14.attn.proj.B
blocks.14.mlp.fc1.A
blocks.14.mlp.fc1.B
blocks.14.mlp.fc2.A
blocks.14.mlp.fc2.B
blocks.15.attn.qkv.A
blocks.15.attn.qkv.B
blocks.15.attn.proj.A
blocks.15.attn.proj.B
blocks.15.mlp.fc1.A
blocks.15.mlp.fc1.B
blocks.15.mlp.fc2.A
blocks.15.mlp.fc2.B
blocks.16.attn.qkv.A
blocks.16.attn.qkv.B
blocks.16.attn.proj.A
blocks.16.attn.proj.B
blocks.16.mlp.fc1.A
blocks.16.mlp.fc1.B
blocks.16.mlp.fc2.A
blocks.16.mlp.fc2.B
blocks.17.attn.qkv.A
blocks.17.attn.qkv.B
blocks.17.attn.proj.A
blocks.17.attn.proj.B
blocks.17.mlp.fc1.A
blocks.17.mlp.fc1.B
blocks.17.mlp.fc2.A
blocks.17.mlp.fc2.B
blocks.18.attn.qkv.A
blocks.18.attn.qkv.B
blocks.18.attn.proj.A
blocks.18.attn.proj.B
blocks.18.mlp.fc1.A
blocks.18.mlp.fc1.B
blocks.18.mlp.fc2.A
blocks.18.mlp.fc2.B
blocks.19.attn.qkv.A
blocks.19.attn.qkv.B
blocks.19.attn.proj.A
blocks.19.attn.proj.B
blocks.19.mlp.fc1.A
blocks.19.mlp.fc1.B
blocks.19.mlp.fc2.A
blocks.19.mlp.fc2.B
blocks.20.attn.qkv.A
blocks.20.attn.qkv.B
blocks.20.attn.proj.A
blocks.20.attn.proj.B
blocks.20.mlp.fc1.A
blocks.20.mlp.fc1.B
blocks.20.mlp.fc2.A
blocks.20.mlp.fc2.B
blocks.21.attn.qkv.A
blocks.21.attn.qkv.B
blocks.21.attn.proj.A
blocks.21.attn.proj.B
blocks.21.mlp.fc1.A
blocks.21.mlp.fc1.B
blocks.21.mlp.fc2.A
blocks.21.mlp.fc2.B
blocks.22.attn.qkv.A
blocks.22.attn.qkv.B
blocks.22.attn.proj.A
blocks.22.attn.proj.B
blocks.22.mlp.fc1.A
blocks.22.mlp.fc1.B
blocks.22.mlp.fc2.A
blocks.22.mlp.fc2.B
blocks.23.attn.qkv.A
blocks.23.attn.qkv.B
blocks.23.attn.proj.A
blocks.23.attn.proj.B
blocks.23.mlp.fc1.A
blocks.23.mlp.fc1.B
blocks.23.mlp.fc2.A
blocks.23.mlp.fc2.B
blocks.24.attn.qkv.A
blocks.24.attn.qkv.B
blocks.24.attn.proj.A
blocks.24.attn.proj.B
blocks.24.mlp.fc1.A
blocks.24.mlp.fc1.B
blocks.24.mlp.fc2.A
blocks.24.mlp.fc2.B
blocks.25.attn.qkv.A
blocks.25.attn.qkv.B
blocks.25.attn.proj.A
blocks.25.attn.proj.B
blocks.25.mlp.fc1.A
blocks.25.mlp.fc1.B
blocks.25.mlp.fc2.A
blocks.25.mlp.fc2.B
blocks.26.attn.qkv.A
blocks.26.attn.qkv.B
blocks.26.attn.proj.A
blocks.26.attn.proj.B
blocks.26.mlp.fc1.A
blocks.26.mlp.fc1.B
blocks.26.mlp.fc2.A
blocks.26.mlp.fc2.B
blocks.27.attn.qkv.A
blocks.27.attn.qkv.B
blocks.27.attn.proj.A
blocks.27.attn.proj.B
blocks.27.mlp.fc1.A
blocks.27.mlp.fc1.B
blocks.27.mlp.fc2.A
blocks.27.mlp.fc2.B
Epoch [1/200], Loss: 0.2013
Epoch [2/200], Loss: 0.1995
Epoch [3/200], Loss: 0.2029
Epoch [4/200], Loss: 0.2057
Epoch [5/200], Loss: 0.2004
Epoch [6/200], Loss: 0.2032
Epoch [7/200], Loss: 0.2020
Epoch [8/200], Loss: 0.2041
Epoch [9/200], Loss: 0.2011
Epoch [10/200], Loss: 0.2050
Epoch [11/200], Loss: 0.2046
Epoch [12/200], Loss: 0.2021
Epoch [13/200], Loss: 0.2008
Epoch [14/200], Loss: 0.2009
Epoch [15/200], Loss: 0.1996
Epoch [16/200], Loss: 0.1951
Epoch [17/200], Loss: 0.2029
Epoch [18/200], Loss: 0.1997
Epoch [19/200], Loss: 0.1988
Epoch [20/200], Loss: 0.2021
Epoch [21/200], Loss: 0.1998
Epoch [22/200], Loss: 0.2019
Epoch [23/200], Loss: 0.2004
Epoch [24/200], Loss: 0.1996
Epoch [25/200], Loss: 0.2016
Epoch [26/200], Loss: 0.1960
Epoch [27/200], Loss: 0.1980
Epoch [28/200], Loss: 0.2036
Epoch [29/200], Loss: 0.1990
Epoch [30/200], Loss: 0.1978
Epoch [31/200], Loss: 0.2026
Epoch [32/200], Loss: 0.2036
Epoch [33/200], Loss: 0.2020
Epoch [34/200], Loss: 0.2002
Epoch [35/200], Loss: 0.2001
Epoch [36/200], Loss: 0.2010
Epoch [37/200], Loss: 0.2013
Epoch [38/200], Loss: 0.2003
Epoch [39/200], Loss: 0.2039
Epoch [40/200], Loss: 0.2010
Epoch [41/200], Loss: 0.1972
Epoch [42/200], Loss: 0.2012
Epoch [43/200], Loss: 0.1973
Epoch [44/200], Loss: 0.1996
Epoch [45/200], Loss: 0.2012
Epoch [46/200], Loss: 0.1982
Epoch [47/200], Loss: 0.1991
