SLURM job ID: 59442640
GPUs allocated: 0
Sun Nov 24 22:12:57 2024       
+-----------------------------------------------------------------------------------------+
| NVIDIA-SMI 550.54.15              Driver Version: 550.54.15      CUDA Version: 12.4     |
|-----------------------------------------+------------------------+----------------------+
| GPU  Name                 Persistence-M | Bus-Id          Disp.A | Volatile Uncorr. ECC |
| Fan  Temp   Perf          Pwr:Usage/Cap |           Memory-Usage | GPU-Util  Compute M. |
|                                         |                        |               MIG M. |
|=========================================+========================+======================|
|   0  NVIDIA A100-SXM4-40GB          On  |   00000000:31:00.0 Off |                    0 |
| N/A   23C    P0             48W /  400W |       0MiB /  40960MiB |      0%      Default |
|                                         |                        |             Disabled |
+-----------------------------------------+------------------------+----------------------+
                                                                                         
+-----------------------------------------------------------------------------------------+
| Processes:                                                                              |
|  GPU   GI   CI        PID   Type   Process name                              GPU Memory |
|        ID   ID                                                               Usage      |
|=========================================================================================|
|  No running processes found                                                             |
+-----------------------------------------------------------------------------------------+
CUDA available: True
CUDA devices: 1
t_embedder.mlp.0.A
t_embedder.mlp.0.B
t_embedder.mlp.2.A
t_embedder.mlp.2.B
blocks.0.attn.qkv.A
blocks.0.attn.qkv.B
blocks.0.attn.proj.A
blocks.0.attn.proj.B
blocks.0.mlp.fc1.A
blocks.0.mlp.fc1.B
blocks.0.mlp.fc2.A
blocks.0.mlp.fc2.B
blocks.1.attn.qkv.A
blocks.1.attn.qkv.B
blocks.1.attn.proj.A
blocks.1.attn.proj.B
blocks.1.mlp.fc1.A
blocks.1.mlp.fc1.B
blocks.1.mlp.fc2.A
blocks.1.mlp.fc2.B
blocks.2.attn.qkv.A
blocks.2.attn.qkv.B
blocks.2.attn.proj.A
blocks.2.attn.proj.B
blocks.2.mlp.fc1.A
blocks.2.mlp.fc1.B
blocks.2.mlp.fc2.A
blocks.2.mlp.fc2.B
blocks.3.attn.qkv.A
blocks.3.attn.qkv.B
blocks.3.attn.proj.A
blocks.3.attn.proj.B
blocks.3.mlp.fc1.A
blocks.3.mlp.fc1.B
blocks.3.mlp.fc2.A
blocks.3.mlp.fc2.B
blocks.4.attn.qkv.A
blocks.4.attn.qkv.B
blocks.4.attn.proj.A
blocks.4.attn.proj.B
blocks.4.mlp.fc1.A
blocks.4.mlp.fc1.B
blocks.4.mlp.fc2.A
blocks.4.mlp.fc2.B
blocks.5.attn.qkv.A
blocks.5.attn.qkv.B
blocks.5.attn.proj.A
blocks.5.attn.proj.B
blocks.5.mlp.fc1.A
blocks.5.mlp.fc1.B
blocks.5.mlp.fc2.A
blocks.5.mlp.fc2.B
blocks.6.attn.qkv.A
blocks.6.attn.qkv.B
blocks.6.attn.proj.A
blocks.6.attn.proj.B
blocks.6.mlp.fc1.A
blocks.6.mlp.fc1.B
blocks.6.mlp.fc2.A
blocks.6.mlp.fc2.B
blocks.7.attn.qkv.A
blocks.7.attn.qkv.B
blocks.7.attn.proj.A
blocks.7.attn.proj.B
blocks.7.mlp.fc1.A
blocks.7.mlp.fc1.B
blocks.7.mlp.fc2.A
blocks.7.mlp.fc2.B
blocks.8.attn.qkv.A
blocks.8.attn.qkv.B
blocks.8.attn.proj.A
blocks.8.attn.proj.B
blocks.8.mlp.fc1.A
blocks.8.mlp.fc1.B
blocks.8.mlp.fc2.A
blocks.8.mlp.fc2.B
blocks.9.attn.qkv.A
blocks.9.attn.qkv.B
blocks.9.attn.proj.A
blocks.9.attn.proj.B
blocks.9.mlp.fc1.A
blocks.9.mlp.fc1.B
blocks.9.mlp.fc2.A
blocks.9.mlp.fc2.B
blocks.10.attn.qkv.A
blocks.10.attn.qkv.B
blocks.10.attn.proj.A
blocks.10.attn.proj.B
blocks.10.mlp.fc1.A
blocks.10.mlp.fc1.B
blocks.10.mlp.fc2.A
blocks.10.mlp.fc2.B
blocks.11.attn.qkv.A
blocks.11.attn.qkv.B
blocks.11.attn.proj.A
blocks.11.attn.proj.B
blocks.11.mlp.fc1.A
blocks.11.mlp.fc1.B
blocks.11.mlp.fc2.A
blocks.11.mlp.fc2.B
blocks.12.attn.qkv.A
blocks.12.attn.qkv.B
blocks.12.attn.proj.A
blocks.12.attn.proj.B
blocks.12.mlp.fc1.A
blocks.12.mlp.fc1.B
blocks.12.mlp.fc2.A
blocks.12.mlp.fc2.B
blocks.13.attn.qkv.A
blocks.13.attn.qkv.B
blocks.13.attn.proj.A
blocks.13.attn.proj.B
blocks.13.mlp.fc1.A
blocks.13.mlp.fc1.B
blocks.13.mlp.fc2.A
blocks.13.mlp.fc2.B
blocks.14.attn.qkv.A
blocks.14.attn.qkv.B
blocks.14.attn.proj.A
blocks.14.attn.proj.B
blocks.14.mlp.fc1.A
blocks.14.mlp.fc1.B
blocks.14.mlp.fc2.A
blocks.14.mlp.fc2.B
blocks.15.attn.qkv.A
blocks.15.attn.qkv.B
blocks.15.attn.proj.A
blocks.15.attn.proj.B
blocks.15.mlp.fc1.A
blocks.15.mlp.fc1.B
blocks.15.mlp.fc2.A
blocks.15.mlp.fc2.B
blocks.16.attn.qkv.A
blocks.16.attn.qkv.B
blocks.16.attn.proj.A
blocks.16.attn.proj.B
blocks.16.mlp.fc1.A
blocks.16.mlp.fc1.B
blocks.16.mlp.fc2.A
blocks.16.mlp.fc2.B
blocks.17.attn.qkv.A
blocks.17.attn.qkv.B
blocks.17.attn.proj.A
blocks.17.attn.proj.B
blocks.17.mlp.fc1.A
blocks.17.mlp.fc1.B
blocks.17.mlp.fc2.A
blocks.17.mlp.fc2.B
blocks.18.attn.qkv.A
blocks.18.attn.qkv.B
blocks.18.attn.proj.A
blocks.18.attn.proj.B
blocks.18.mlp.fc1.A
blocks.18.mlp.fc1.B
blocks.18.mlp.fc2.A
blocks.18.mlp.fc2.B
blocks.19.attn.qkv.A
blocks.19.attn.qkv.B
blocks.19.attn.proj.A
blocks.19.attn.proj.B
blocks.19.mlp.fc1.A
blocks.19.mlp.fc1.B
blocks.19.mlp.fc2.A
blocks.19.mlp.fc2.B
blocks.20.attn.qkv.A
blocks.20.attn.qkv.B
blocks.20.attn.proj.A
blocks.20.attn.proj.B
blocks.20.mlp.fc1.A
blocks.20.mlp.fc1.B
blocks.20.mlp.fc2.A
blocks.20.mlp.fc2.B
blocks.21.attn.qkv.A
blocks.21.attn.qkv.B
blocks.21.attn.proj.A
blocks.21.attn.proj.B
blocks.21.mlp.fc1.A
blocks.21.mlp.fc1.B
blocks.21.mlp.fc2.A
blocks.21.mlp.fc2.B
blocks.22.attn.qkv.A
blocks.22.attn.qkv.B
blocks.22.attn.proj.A
blocks.22.attn.proj.B
blocks.22.mlp.fc1.A
blocks.22.mlp.fc1.B
blocks.22.mlp.fc2.A
blocks.22.mlp.fc2.B
blocks.23.attn.qkv.A
blocks.23.attn.qkv.B
blocks.23.attn.proj.A
blocks.23.attn.proj.B
blocks.23.mlp.fc1.A
blocks.23.mlp.fc1.B
blocks.23.mlp.fc2.A
blocks.23.mlp.fc2.B
blocks.24.attn.qkv.A
blocks.24.attn.qkv.B
blocks.24.attn.proj.A
blocks.24.attn.proj.B
blocks.24.mlp.fc1.A
blocks.24.mlp.fc1.B
blocks.24.mlp.fc2.A
blocks.24.mlp.fc2.B
blocks.25.attn.qkv.A
blocks.25.attn.qkv.B
blocks.25.attn.proj.A
blocks.25.attn.proj.B
blocks.25.mlp.fc1.A
blocks.25.mlp.fc1.B
blocks.25.mlp.fc2.A
blocks.25.mlp.fc2.B
blocks.26.attn.qkv.A
blocks.26.attn.qkv.B
blocks.26.attn.proj.A
blocks.26.attn.proj.B
blocks.26.mlp.fc1.A
blocks.26.mlp.fc1.B
blocks.26.mlp.fc2.A
blocks.26.mlp.fc2.B
blocks.27.attn.qkv.A
blocks.27.attn.qkv.B
blocks.27.attn.proj.A
blocks.27.attn.proj.B
blocks.27.mlp.fc1.A
blocks.27.mlp.fc1.B
blocks.27.mlp.fc2.A
blocks.27.mlp.fc2.B
Epoch [1/200], Loss: 0.2679
