SLURM job ID: 59440083
GPUs allocated: 0
Sun Nov 24 21:48:00 2024       
+-----------------------------------------------------------------------------------------+
| NVIDIA-SMI 550.54.15              Driver Version: 550.54.15      CUDA Version: 12.4     |
|-----------------------------------------+------------------------+----------------------+
| GPU  Name                 Persistence-M | Bus-Id          Disp.A | Volatile Uncorr. ECC |
| Fan  Temp   Perf          Pwr:Usage/Cap |           Memory-Usage | GPU-Util  Compute M. |
|                                         |                        |               MIG M. |
|=========================================+========================+======================|
|   0  Tesla V100S-PCIE-32GB          On  |   00000000:2F:00.0 Off |                    0 |
| N/A   32C    P0             25W /  250W |       0MiB /  32768MiB |      0%      Default |
|                                         |                        |                  N/A |
+-----------------------------------------+------------------------+----------------------+
                                                                                         
+-----------------------------------------------------------------------------------------+
| Processes:                                                                              |
|  GPU   GI   CI        PID   Type   Process name                              GPU Memory |
|        ID   ID                                                               Usage      |
|=========================================================================================|
|  No running processes found                                                             |
+-----------------------------------------------------------------------------------------+
CUDA available: True
CUDA devices: 1
t_embedder.mlp.0.A
t_embedder.mlp.0.B
t_embedder.mlp.2.A
t_embedder.mlp.2.B
blocks.0.attn.qkv.A
blocks.0.attn.qkv.B
blocks.0.attn.proj.A
blocks.0.attn.proj.B
blocks.0.mlp.fc1.A
blocks.0.mlp.fc1.B
blocks.0.mlp.fc2.A
blocks.0.mlp.fc2.B
blocks.1.attn.qkv.A
blocks.1.attn.qkv.B
blocks.1.attn.proj.A
blocks.1.attn.proj.B
blocks.1.mlp.fc1.A
blocks.1.mlp.fc1.B
blocks.1.mlp.fc2.A
blocks.1.mlp.fc2.B
blocks.2.attn.qkv.A
blocks.2.attn.qkv.B
blocks.2.attn.proj.A
blocks.2.attn.proj.B
blocks.2.mlp.fc1.A
blocks.2.mlp.fc1.B
blocks.2.mlp.fc2.A
blocks.2.mlp.fc2.B
blocks.3.attn.qkv.A
blocks.3.attn.qkv.B
blocks.3.attn.proj.A
blocks.3.attn.proj.B
blocks.3.mlp.fc1.A
blocks.3.mlp.fc1.B
blocks.3.mlp.fc2.A
blocks.3.mlp.fc2.B
blocks.4.attn.qkv.A
blocks.4.attn.qkv.B
blocks.4.attn.proj.A
blocks.4.attn.proj.B
blocks.4.mlp.fc1.A
blocks.4.mlp.fc1.B
blocks.4.mlp.fc2.A
blocks.4.mlp.fc2.B
blocks.5.attn.qkv.A
blocks.5.attn.qkv.B
blocks.5.attn.proj.A
blocks.5.attn.proj.B
blocks.5.mlp.fc1.A
blocks.5.mlp.fc1.B
blocks.5.mlp.fc2.A
blocks.5.mlp.fc2.B
blocks.6.attn.qkv.A
blocks.6.attn.qkv.B
blocks.6.attn.proj.A
blocks.6.attn.proj.B
blocks.6.mlp.fc1.A
blocks.6.mlp.fc1.B
blocks.6.mlp.fc2.A
blocks.6.mlp.fc2.B
blocks.7.attn.qkv.A
blocks.7.attn.qkv.B
blocks.7.attn.proj.A
blocks.7.attn.proj.B
blocks.7.mlp.fc1.A
blocks.7.mlp.fc1.B
blocks.7.mlp.fc2.A
blocks.7.mlp.fc2.B
blocks.8.attn.qkv.A
blocks.8.attn.qkv.B
blocks.8.attn.proj.A
blocks.8.attn.proj.B
blocks.8.mlp.fc1.A
blocks.8.mlp.fc1.B
blocks.8.mlp.fc2.A
blocks.8.mlp.fc2.B
blocks.9.attn.qkv.A
blocks.9.attn.qkv.B
blocks.9.attn.proj.A
blocks.9.attn.proj.B
blocks.9.mlp.fc1.A
blocks.9.mlp.fc1.B
blocks.9.mlp.fc2.A
blocks.9.mlp.fc2.B
blocks.10.attn.qkv.A
blocks.10.attn.qkv.B
blocks.10.attn.proj.A
blocks.10.attn.proj.B
blocks.10.mlp.fc1.A
blocks.10.mlp.fc1.B
blocks.10.mlp.fc2.A
blocks.10.mlp.fc2.B
blocks.11.attn.qkv.A
blocks.11.attn.qkv.B
blocks.11.attn.proj.A
blocks.11.attn.proj.B
blocks.11.mlp.fc1.A
blocks.11.mlp.fc1.B
blocks.11.mlp.fc2.A
blocks.11.mlp.fc2.B
blocks.12.attn.qkv.A
blocks.12.attn.qkv.B
blocks.12.attn.proj.A
blocks.12.attn.proj.B
blocks.12.mlp.fc1.A
blocks.12.mlp.fc1.B
blocks.12.mlp.fc2.A
blocks.12.mlp.fc2.B
blocks.13.attn.qkv.A
blocks.13.attn.qkv.B
blocks.13.attn.proj.A
blocks.13.attn.proj.B
blocks.13.mlp.fc1.A
blocks.13.mlp.fc1.B
blocks.13.mlp.fc2.A
blocks.13.mlp.fc2.B
blocks.14.attn.qkv.A
blocks.14.attn.qkv.B
blocks.14.attn.proj.A
blocks.14.attn.proj.B
blocks.14.mlp.fc1.A
blocks.14.mlp.fc1.B
blocks.14.mlp.fc2.A
blocks.14.mlp.fc2.B
blocks.15.attn.qkv.A
blocks.15.attn.qkv.B
blocks.15.attn.proj.A
blocks.15.attn.proj.B
blocks.15.mlp.fc1.A
blocks.15.mlp.fc1.B
blocks.15.mlp.fc2.A
blocks.15.mlp.fc2.B
blocks.16.attn.qkv.A
blocks.16.attn.qkv.B
blocks.16.attn.proj.A
blocks.16.attn.proj.B
blocks.16.mlp.fc1.A
blocks.16.mlp.fc1.B
blocks.16.mlp.fc2.A
blocks.16.mlp.fc2.B
blocks.17.attn.qkv.A
blocks.17.attn.qkv.B
blocks.17.attn.proj.A
blocks.17.attn.proj.B
blocks.17.mlp.fc1.A
blocks.17.mlp.fc1.B
blocks.17.mlp.fc2.A
blocks.17.mlp.fc2.B
blocks.18.attn.qkv.A
blocks.18.attn.qkv.B
blocks.18.attn.proj.A
blocks.18.attn.proj.B
blocks.18.mlp.fc1.A
blocks.18.mlp.fc1.B
blocks.18.mlp.fc2.A
blocks.18.mlp.fc2.B
blocks.19.attn.qkv.A
blocks.19.attn.qkv.B
blocks.19.attn.proj.A
blocks.19.attn.proj.B
blocks.19.mlp.fc1.A
blocks.19.mlp.fc1.B
blocks.19.mlp.fc2.A
blocks.19.mlp.fc2.B
blocks.20.attn.qkv.A
blocks.20.attn.qkv.B
blocks.20.attn.proj.A
blocks.20.attn.proj.B
blocks.20.mlp.fc1.A
blocks.20.mlp.fc1.B
blocks.20.mlp.fc2.A
blocks.20.mlp.fc2.B
blocks.21.attn.qkv.A
blocks.21.attn.qkv.B
blocks.21.attn.proj.A
blocks.21.attn.proj.B
blocks.21.mlp.fc1.A
blocks.21.mlp.fc1.B
blocks.21.mlp.fc2.A
blocks.21.mlp.fc2.B
blocks.22.attn.qkv.A
blocks.22.attn.qkv.B
blocks.22.attn.proj.A
blocks.22.attn.proj.B
blocks.22.mlp.fc1.A
blocks.22.mlp.fc1.B
blocks.22.mlp.fc2.A
blocks.22.mlp.fc2.B
blocks.23.attn.qkv.A
blocks.23.attn.qkv.B
blocks.23.attn.proj.A
blocks.23.attn.proj.B
blocks.23.mlp.fc1.A
blocks.23.mlp.fc1.B
blocks.23.mlp.fc2.A
blocks.23.mlp.fc2.B
blocks.24.attn.qkv.A
blocks.24.attn.qkv.B
blocks.24.attn.proj.A
blocks.24.attn.proj.B
blocks.24.mlp.fc1.A
blocks.24.mlp.fc1.B
blocks.24.mlp.fc2.A
blocks.24.mlp.fc2.B
blocks.25.attn.qkv.A
blocks.25.attn.qkv.B
blocks.25.attn.proj.A
blocks.25.attn.proj.B
blocks.25.mlp.fc1.A
blocks.25.mlp.fc1.B
blocks.25.mlp.fc2.A
blocks.25.mlp.fc2.B
blocks.26.attn.qkv.A
blocks.26.attn.qkv.B
blocks.26.attn.proj.A
blocks.26.attn.proj.B
blocks.26.mlp.fc1.A
blocks.26.mlp.fc1.B
blocks.26.mlp.fc2.A
blocks.26.mlp.fc2.B
blocks.27.attn.qkv.A
blocks.27.attn.qkv.B
blocks.27.attn.proj.A
blocks.27.attn.proj.B
blocks.27.mlp.fc1.A
blocks.27.mlp.fc1.B
blocks.27.mlp.fc2.A
blocks.27.mlp.fc2.B
Epoch [1/200], Loss: 0.3340
Epoch [2/200], Loss: 0.2871
Epoch [3/200], Loss: 0.3112
Epoch [4/200], Loss: 0.3092
Epoch [5/200], Loss: 0.3258
Epoch [6/200], Loss: 0.2458
Epoch [7/200], Loss: 0.2658
Epoch [8/200], Loss: 0.2975
Epoch [9/200], Loss: 0.3435
Epoch [10/200], Loss: 0.3562
Epoch [11/200], Loss: 0.2442
Epoch [12/200], Loss: 0.2521
Epoch [13/200], Loss: 0.2243
Epoch [14/200], Loss: 0.2498
Epoch [15/200], Loss: 0.3141
Epoch [16/200], Loss: 0.2336
Epoch [17/200], Loss: 0.2939
Epoch [18/200], Loss: 0.3201
Epoch [19/200], Loss: 0.2362
Epoch [20/200], Loss: 0.3690
Epoch [21/200], Loss: 0.1785
Epoch [22/200], Loss: 0.3531
Epoch [23/200], Loss: 0.2640
Epoch [24/200], Loss: 0.2938
Epoch [25/200], Loss: 0.1992
Epoch [26/200], Loss: 0.3112
Epoch [27/200], Loss: 0.2214
Epoch [28/200], Loss: 0.3771
Epoch [29/200], Loss: 0.2893
Epoch [30/200], Loss: 0.2191
Epoch [31/200], Loss: 0.3779
Epoch [32/200], Loss: 0.3191
Epoch [33/200], Loss: 0.2447
Epoch [34/200], Loss: 0.2383
Epoch [35/200], Loss: 0.3229
Epoch [36/200], Loss: 0.2398
Epoch [37/200], Loss: 0.2939
Epoch [38/200], Loss: 0.2518
Epoch [39/200], Loss: 0.3609
Epoch [40/200], Loss: 0.2956
Epoch [41/200], Loss: 0.2657
Epoch [42/200], Loss: 0.2914
Epoch [43/200], Loss: 0.2703
Epoch [44/200], Loss: 0.2164
Epoch [45/200], Loss: 0.2543
Epoch [46/200], Loss: 0.2145
Epoch [47/200], Loss: 0.2231
Epoch [48/200], Loss: 0.2743
Epoch [49/200], Loss: 0.2029
Epoch [50/200], Loss: 0.2913
Epoch [51/200], Loss: 0.2958
Epoch [52/200], Loss: 0.2911
Epoch [53/200], Loss: 0.2937
Epoch [54/200], Loss: 0.2521
Epoch [55/200], Loss: 0.2830
Epoch [56/200], Loss: 0.2081
Epoch [57/200], Loss: 0.2755
Epoch [58/200], Loss: 0.2105
Epoch [59/200], Loss: 0.3368
Epoch [60/200], Loss: 0.2499
Epoch [61/200], Loss: 0.1777
Epoch [62/200], Loss: 0.2751
Epoch [63/200], Loss: 0.2913
Epoch [64/200], Loss: 0.2578
Epoch [65/200], Loss: 0.2459
Epoch [66/200], Loss: 0.2451
Epoch [67/200], Loss: 0.2179
Epoch [68/200], Loss: 0.2099
Epoch [69/200], Loss: 0.1717
Epoch [70/200], Loss: 0.2338
Epoch [71/200], Loss: 0.2600
Epoch [72/200], Loss: 0.2515
Epoch [73/200], Loss: 0.2620
Epoch [74/200], Loss: 0.2385
Epoch [75/200], Loss: 0.2310
Epoch [76/200], Loss: 0.2040
Epoch [77/200], Loss: 0.2405
Epoch [78/200], Loss: 0.2044
Epoch [79/200], Loss: 0.1828
Epoch [80/200], Loss: 0.3498
Epoch [81/200], Loss: 0.2567
Epoch [82/200], Loss: 0.2840
Epoch [83/200], Loss: 0.2495
Epoch [84/200], Loss: 0.2681
Epoch [85/200], Loss: 0.2254
Epoch [86/200], Loss: 0.3035
Epoch [87/200], Loss: 0.2510
Epoch [88/200], Loss: 0.2018
Epoch [89/200], Loss: 0.2912
Epoch [90/200], Loss: 0.2381
Epoch [91/200], Loss: 0.2353
Epoch [92/200], Loss: 0.2243
Epoch [93/200], Loss: 0.2428
Epoch [94/200], Loss: 0.2439
Epoch [95/200], Loss: 0.2500
Epoch [96/200], Loss: 0.2462
Epoch [97/200], Loss: 0.2140
Epoch [98/200], Loss: 0.3284
Epoch [99/200], Loss: 0.2358
Epoch [100/200], Loss: 0.2533
Epoch [101/200], Loss: 0.3223
Epoch [102/200], Loss: 0.2468
Epoch [103/200], Loss: 0.2271
Epoch [104/200], Loss: 0.2409
Epoch [105/200], Loss: 0.2561
Epoch [106/200], Loss: 0.2651
Epoch [107/200], Loss: 0.2339
Epoch [108/200], Loss: 0.2475
Epoch [109/200], Loss: 0.3387
Epoch [110/200], Loss: 0.2176
Epoch [111/200], Loss: 0.2396
Epoch [112/200], Loss: 0.1974
Epoch [113/200], Loss: 0.2590
Epoch [114/200], Loss: 0.2301
Epoch [115/200], Loss: 0.2648
Epoch [116/200], Loss: 0.2666
Epoch [117/200], Loss: 0.2414
Epoch [118/200], Loss: 0.2031
Epoch [119/200], Loss: 0.2434
Epoch [120/200], Loss: 0.1777
Epoch [121/200], Loss: 0.1638
Epoch [122/200], Loss: 0.2288
Epoch [123/200], Loss: 0.2065
Epoch [124/200], Loss: 0.2192
Epoch [125/200], Loss: 0.1737
Epoch [126/200], Loss: 0.2207
Epoch [127/200], Loss: 0.2250
Epoch [128/200], Loss: 0.2109
Epoch [129/200], Loss: 0.3397
Epoch [130/200], Loss: 0.1374
Epoch [131/200], Loss: 0.2352
Epoch [132/200], Loss: 0.2390
Epoch [133/200], Loss: 0.2414
Epoch [134/200], Loss: 0.2795
Epoch [135/200], Loss: 0.1544
Epoch [136/200], Loss: 0.1995
Epoch [137/200], Loss: 0.2546
Epoch [138/200], Loss: 0.2038
Epoch [139/200], Loss: 0.2319
Epoch [140/200], Loss: 0.2417
Epoch [141/200], Loss: 0.2585
Epoch [142/200], Loss: 0.1962
Epoch [143/200], Loss: 0.2961
Epoch [144/200], Loss: 0.2570
Epoch [145/200], Loss: 0.1687
Epoch [146/200], Loss: 0.2099
Epoch [147/200], Loss: 0.2175
Epoch [148/200], Loss: 0.1980
Epoch [149/200], Loss: 0.3428
Epoch [150/200], Loss: 0.1982
Epoch [151/200], Loss: 0.1793
Epoch [152/200], Loss: 0.2736
Epoch [153/200], Loss: 0.2643
Epoch [154/200], Loss: 0.2248
Epoch [155/200], Loss: 0.2862
Epoch [156/200], Loss: 0.2537
Epoch [157/200], Loss: 0.2520
Epoch [158/200], Loss: 0.2477
Epoch [159/200], Loss: 0.3181
Epoch [160/200], Loss: 0.2176
Epoch [161/200], Loss: 0.2992
Epoch [162/200], Loss: 0.2160
Epoch [163/200], Loss: 0.1823
Epoch [164/200], Loss: 0.2239
Epoch [165/200], Loss: 0.1773
Epoch [166/200], Loss: 0.2841
Epoch [167/200], Loss: 0.3096
Epoch [168/200], Loss: 0.2743
Epoch [169/200], Loss: 0.1815
Epoch [170/200], Loss: 0.2954
Epoch [171/200], Loss: 0.2848
Epoch [172/200], Loss: 0.1950
Epoch [173/200], Loss: 0.1801
Epoch [174/200], Loss: 0.1617
Epoch [175/200], Loss: 0.1721
Epoch [176/200], Loss: 0.2601
Epoch [177/200], Loss: 0.1653
Epoch [178/200], Loss: 0.2662
Epoch [179/200], Loss: 0.1930
Epoch [180/200], Loss: 0.2390
Epoch [181/200], Loss: 0.2553
Epoch [182/200], Loss: 0.1428
Epoch [183/200], Loss: 0.2677
Epoch [184/200], Loss: 0.2260
Epoch [185/200], Loss: 0.2309
Epoch [186/200], Loss: 0.2596
Epoch [187/200], Loss: 0.2469
Epoch [188/200], Loss: 0.2221
Epoch [189/200], Loss: 0.2542
Epoch [190/200], Loss: 0.1904
Epoch [191/200], Loss: 0.2552
Epoch [192/200], Loss: 0.2531
Epoch [193/200], Loss: 0.1597
Epoch [194/200], Loss: 0.2916
Epoch [195/200], Loss: 0.3571
Epoch [196/200], Loss: 0.2513
Epoch [197/200], Loss: 0.2456
Epoch [198/200], Loss: 0.2551
Epoch [199/200], Loss: 0.3248
Epoch [200/200], Loss: 0.2049
Training completed.
